Removed Pin From Net: NetName=VCC Pin=*-1
Removed Pin From Net: NetName=DATA Pin=*-3
Removed Pin From Net: NetName=CLK Pin=*-5
Removed Pin From Net: NetName=GND Pin=*-6
Removed Pin From Net: NetName=GND Pin=*-6
Removed Pin From Net: NetName=EA Pin=*-7
Removed Pin From Net: NetName=EA Pin=*-7
Removed Pin From Net: NetName=GND Pin=*-9
Removed Pin From Net: NetName=GND Pin=*-9
Removed Pin From Net: NetName=EB Pin=*-11
Removed Pin From Net: NetName=EE Pin=*-12
Removed Pin From Net: NetName=EC Pin=*-13
Removed Pin From Net: NetName=GND Pin=*-14
Removed Pin From Net: NetName=ED Pin=*-15
Removed Pin From Net: NetName=EF Pin=*-16
Removed Pin From Net: NetName=VCC Pin=*-17
Removed Pin From Net: NetName=EG Pin=*-18
Removed Pin From Net: NetName=GND Pin=*-20
Removed Pin From Net: NetName=OE1 Pin=*-24
Removed Pin From Net: NetName=GND Pin=*-25
Removed Pin From Net: NetName=OE2 Pin=*-26
Removed Pin From Net: NetName=EDP Pin=*-29
Removed Pin From Net: NetName=GND Pin=*-30
Removed Pin From Net: NetName=EN1 Pin=*-31
Removed Pin From Net: NetName=GND Pin=*-34
Removed Pin From Net: NetName=S1 Pin=*-36
Removed Pin From Net: NetName=S2 Pin=*-38
Removed Pin From Net: NetName=S3 Pin=*-40
Removed Member From Class: ClassName=TopLevel Member=*
Added Component: Designator=J1(DIP40)
Added Pin To Net: NetName=VCC Pin=J1-1
Added Pin To Net: NetName=DATA Pin=J1-3
Added Pin To Net: NetName=CLK Pin=J1-5
Added Pin To Net: NetName=GND Pin=J1-6
Added Pin To Net: NetName=EA Pin=J1-7
Added Pin To Net: NetName=GND Pin=J1-9
Added Pin To Net: NetName=EB Pin=J1-11
Added Pin To Net: NetName=EE Pin=J1-12
Added Pin To Net: NetName=EC Pin=J1-13
Added Pin To Net: NetName=GND Pin=J1-14
Added Pin To Net: NetName=ED Pin=J1-15
Added Pin To Net: NetName=EF Pin=J1-16
Added Pin To Net: NetName=VCC Pin=J1-17
Added Pin To Net: NetName=EG Pin=J1-18
Added Pin To Net: NetName=GND Pin=J1-20
Added Pin To Net: NetName=OE1 Pin=J1-24
Added Pin To Net: NetName=GND Pin=J1-25
Added Pin To Net: NetName=OE2 Pin=J1-26
Added Pin To Net: NetName=EDP Pin=J1-29
Added Pin To Net: NetName=GND Pin=J1-30
Added Pin To Net: NetName=EN1 Pin=J1-31
Added Pin To Net: NetName=GND Pin=J1-34
Added Pin To Net: NetName=S1 Pin=J1-36
Added Pin To Net: NetName=S2 Pin=J1-38
Added Pin To Net: NetName=GND Pin=J1-39
Added Pin To Net: NetName=S3 Pin=J1-40
Added Member To Class: ClassName=TopLevel Member=Component J1 HEADER40
